<?xml version="1.0" encoding="UTF-8"?>
<!-- Generated by org.testng.reporters.JUnitXMLReporter -->
<testsuite hostname="SamFox" ignored="0" name="Surefire test" tests="5" failures="0" timestamp="2019-11-06T15:51:10 ICT" time="0.053" errors="0">
  <testcase name="testCreate" time="0.009" classname="com.team5solution.DTOs.AbstractDTOTest"/>
  <testcase name="testDelete" time="0.0" classname="com.team5solution.DTOs.AbstractDTOTest"/>
  <testcase name="testEdit" time="0.0" classname="com.team5solution.DTOs.AbstractDTOTest"/>
  <testcase name="testGetByName" time="0.0" classname="com.team5solution.DTOs.AbstractDTOTest"/>
  <testcase name="testList" time="0.0" classname="com.team5solution.DTOs.AbstractDTOTest"/>
</testsuite> <!-- Surefire test -->
