<?xml version="1.0" encoding="UTF-8"?>
<testsuite xmlns:xsi="http://www.w3.org/2001/XMLSchema-instance" xsi:noNamespaceSchemaLocation="https://maven.apache.org/surefire/maven-surefire-plugin/xsd/surefire-test-report.xsd" name="TestSuite" time="0.778" tests="5" errors="0" skipped="0" failures="0">
  <properties>
[...]
</properties>
  <testcase name="testCreate" classname="com.team5solution.DTOs.AbstractDTOTest" time="0.009"/>
  <testcase name="testDelete" classname="com.team5solution.DTOs.AbstractDTOTest" time="0"/>
  <testcase name="testEdit" classname="com.team5solution.DTOs.AbstractDTOTest" time="0"/>
  <testcase name="testGetByName" classname="com.team5solution.DTOs.AbstractDTOTest" time="0"/>
  <testcase name="testList" classname="com.team5solution.DTOs.AbstractDTOTest" time="0"/>
</testsuite>