<?xml version="1.0" encoding="UTF-8"?>
<testng-results skipped="0" failed="0" ignored="0" total="5" passed="5">
  <reporter-output>
  </reporter-output>
  <suite name="Surefire suite" duration-ms="53" started-at="2019-11-06T15:51:10 ICT" finished-at="2019-11-06T15:51:10 ICT">
    <groups>
    </groups>
    <test name="Surefire test" duration-ms="53" started-at="2019-11-06T15:51:10 ICT" finished-at="2019-11-06T15:51:10 ICT">
      <class name="com.team5solution.DTOs.AbstractDTOTest">
        <test-method status="PASS" signature="testCreate()[pri:0, instance:com.team5solution.DTOs.AbstractDTOTest@7494e528]" name="testCreate" duration-ms="9" started-at="2019-11-06T15:51:10 ICT" finished-at="2019-11-06T15:51:10 ICT">
          <reporter-output>
          </reporter-output>
        </test-method> <!-- testCreate -->
        <test-method status="PASS" signature="testDelete()[pri:0, instance:com.team5solution.DTOs.AbstractDTOTest@7494e528]" name="testDelete" duration-ms="0" started-at="2019-11-06T15:51:10 ICT" finished-at="2019-11-06T15:51:10 ICT">
          <reporter-output>
          </reporter-output>
        </test-method> <!-- testDelete -->
        <test-method status="PASS" signature="testEdit()[pri:0, instance:com.team5solution.DTOs.AbstractDTOTest@7494e528]" name="testEdit" duration-ms="0" started-at="2019-11-06T15:51:10 ICT" finished-at="2019-11-06T15:51:10 ICT">
          <reporter-output>
          </reporter-output>
        </test-method> <!-- testEdit -->
        <test-method status="PASS" signature="testGetByName()[pri:0, instance:com.team5solution.DTOs.AbstractDTOTest@7494e528]" name="testGetByName" duration-ms="0" started-at="2019-11-06T15:51:10 ICT" finished-at="2019-11-06T15:51:10 ICT">
          <reporter-output>
          </reporter-output>
        </test-method> <!-- testGetByName -->
        <test-method status="PASS" signature="testList()[pri:0, instance:com.team5solution.DTOs.AbstractDTOTest@7494e528]" name="testList" duration-ms="0" started-at="2019-11-06T15:51:10 ICT" finished-at="2019-11-06T15:51:10 ICT">
          <reporter-output>
          </reporter-output>
        </test-method> <!-- testList -->
      </class> <!-- com.team5solution.DTOs.AbstractDTOTest -->
    </test> <!-- Surefire test -->
  </suite> <!-- Surefire suite -->
</testng-results>
